<?xml version="1.0" encoding="UTF-8"?>
<!-- Generated by org.testng.reporters.JUnitReportReporter -->
<testsuite hostname="msasin" name="SimpleTest" tests="1" failures="0" timestamp="8 May 2018 11:48:45 GMT" time="0.002" errors="0">
  <testcase name="doTestMagic" time="0.002" classname="SimpleTest"/>
</testsuite> <!-- SimpleTest -->
