<?xml version="1.0" encoding="UTF-8"?>
<!-- Generated by org.testng.reporters.JUnitReportReporter -->
<testsuite hostname="msasin" name="SimpleTest" tests="1" failures="0" timestamp="7 May 2018 14:00:18 GMT" time="0.001" errors="0">
  <testcase name="doTestMagic" time="0.001" classname="SimpleTest"/>
</testsuite> <!-- SimpleTest -->
